<?xml version="1.0" encoding="UTF-8"?>
<!-- Generated by org.testng.reporters.JUnitXMLReporter -->
<testsuite ignored="1" hostname="Daniels-MacBook.local" failures="1" tests="15" name="Test 1" time="2.106" errors="0" timestamp="2020-01-12T11:30:58 EST">
  <testcase classname="io.techleadacademy.TestTags" name="subtract2" time="0.008"/>
  <testcase classname="io.techleadacademy.TestTags" name="subtract1" time="0.0"/>
  <testcase classname="io.techleadacademy.TestTags" name="add1" time="0.001"/>
  <testcase classname="io.techleadacademy.TestTags" name="add2" time="0.0"/>
  <testcase classname="io.techleadacademy.TestTags" name="divide1" time="0.0"/>
  <testcase classname="io.techleadacademy.TestTags" name="divide2" time="0.0"/>
  <testcase classname="io.techleadacademy.TestTags" name="logInPerformanceTest1" time="0.002"/>
  <testcase classname="io.techleadacademy.TestTags" name="logInPerformanceTest1" time="0.001"/>
  <testcase classname="io.techleadacademy.TestTags" name="logInPerformanceTest2" time="2.017"/>
  <testcase classname="io.techleadacademy.TestTags" name="logInPerformanceTest3" time="0.0">
    <failure type="java.lang.AssertionError" message="null">
      <![CDATA[java.lang.AssertionError: null
at io.techleadacademy.TestTags.logInPerformanceTest3(TestTags.java:78)
at java.base/java.util.ArrayList.forEach(ArrayList.java:1540)
at com.intellij.rt.testng.IDEARemoteTestNG.run(IDEARemoteTestNG.java:66)
at com.intellij.rt.testng.RemoteTestNGStarter.main(RemoteTestNGStarter.java:110)
... Removed 26 stack frames]]>
    </failure>
  </testcase> <!-- logInPerformanceTest3 -->
  <testcase classname="io.techleadacademy.TestTags" name="logInPerformanceTest3" time="0.0">
    <skipped/>
  </testcase> <!-- logInPerformanceTest3 -->
  <testcase classname="io.techleadacademy.TestTags" name="logInPerformanceTest3" time="0.0">
    <skipped/>
  </testcase> <!-- logInPerformanceTest3 -->
  <testcase classname="io.techleadacademy.TestTags" name="methodTimeOut" time="0.002"/>
  <testcase classname="io.techleadacademy.TestTags" name="multiply" time="0.0"/>
  <testcase classname="io.techleadacademy.TestTags" name="testUserName1" time="0.001"/>
  <testcase classname="io.techleadacademy.TestTags" name="signUpTest" time="0.0">
    <ignored/>
  </testcase> <!-- signUpTest -->
</testsuite> <!-- Test 1 -->
